<?xml version="1.0" encoding="UTF-8"?>
<!-- Generated by org.testng.reporters.JUnitXMLReporter -->
<testsuite hostname="ShreeHari" ignored="0" name="All Tests" tests="13" failures="0" timestamp="2022-05-09T15:25:55 BST" time="193.896" errors="0">
  <testcase name="verifyThatUserShouldCreateAccountSuccessfully" time="9.259" classname="com.automation.testsuite.CreateAccountPageTest"/>
  <testcase name="userShouldNavigateToSignInPageSuccessFully" time="1.963" classname="com.automation.testsuite.SignInPageTest"/>
  <testcase name="verifyThatUserShouldLogInSuccessFullyWithValidCredentials" time="4.99" classname="com.automation.testsuite.SignInPageTest"/>
  <testcase name="verifyThatUserShouldLogOutSuccessFully" time="8.281" classname="com.automation.testsuite.SignInPageTest"/>
  <testcase name="verifyTheErrorMessageWithInValidCredentials" time="4.187" classname="com.automation.testsuite.SignInPageTest"/>
  <testcase name="verifyTheErrorMessageWithInValidCredentials" time="2.865" classname="com.automation.testsuite.SignInPageTest"/>
  <testcase name="verifyTheErrorMessageWithInValidCredentials" time="4.85" classname="com.automation.testsuite.SignInPageTest"/>
  <testcase name="verifyTheErrorMessageWithInValidCredentials" time="5.376" classname="com.automation.testsuite.SignInPageTest"/>
  <testcase name="verifyUserShouldAddProductToTheCartSuccessfully" time="14.698" classname="com.automation.testsuite.WomenCategoryPageTest"/>
  <testcase name="verifyUserShouldAddProductToTheCartSuccessfully" time="10.896" classname="com.automation.testsuite.WomenCategoryPageTest"/>
  <testcase name="verifyUserShouldAddProductToTheCartSuccessfully" time="15.246" classname="com.automation.testsuite.WomenCategoryPageTest"/>
  <testcase name="verifyUserShouldAddProductToTheCartSuccessfully" time="18.52" classname="com.automation.testsuite.WomenCategoryPageTest"/>
  <testcase name="verifyUserShouldNavigateToWomenCategoryPageSuccessfully" time="6.175" classname="com.automation.testsuite.WomenCategoryPageTest"/>
</testsuite> <!-- All Tests -->
