<?xml version="1.0" encoding="UTF-8"?>
<!-- Generated by org.testng.reporters.JUnitXMLReporter -->
<testsuite hostname="ShreeHari" ignored="0" name="regression" tests="13" failures="0" timestamp="2022-05-09T15:21:48 BST" time="297.249" errors="0">
  <testcase name="verifyThatUserShouldCreateAccountSuccessfully" time="28.395" classname="com.automation.testsuite.CreateAccountPageTest"/>
  <testcase name="userShouldNavigateToSignInPageSuccessFully" time="12.868" classname="com.automation.testsuite.SignInPageTest"/>
  <testcase name="verifyThatUserShouldLogInSuccessFullyWithValidCredentials" time="23.056" classname="com.automation.testsuite.SignInPageTest"/>
  <testcase name="verifyThatUserShouldLogOutSuccessFully" time="38.779" classname="com.automation.testsuite.SignInPageTest"/>
  <testcase name="verifyTheErrorMessageWithInValidCredentials" time="8.81" classname="com.automation.testsuite.SignInPageTest"/>
  <testcase name="verifyTheErrorMessageWithInValidCredentials" time="2.367" classname="com.automation.testsuite.SignInPageTest"/>
  <testcase name="verifyTheErrorMessageWithInValidCredentials" time="3.775" classname="com.automation.testsuite.SignInPageTest"/>
  <testcase name="verifyTheErrorMessageWithInValidCredentials" time="2.943" classname="com.automation.testsuite.SignInPageTest"/>
  <testcase name="verifyUserShouldAddProductToTheCartSuccessfully" time="8.393" classname="com.automation.testsuite.WomenCategoryPageTest"/>
  <testcase name="verifyUserShouldAddProductToTheCartSuccessfully" time="29.63" classname="com.automation.testsuite.WomenCategoryPageTest"/>
  <testcase name="verifyUserShouldAddProductToTheCartSuccessfully" time="12.354" classname="com.automation.testsuite.WomenCategoryPageTest"/>
  <testcase name="verifyUserShouldAddProductToTheCartSuccessfully" time="8.157" classname="com.automation.testsuite.WomenCategoryPageTest"/>
  <testcase name="verifyUserShouldNavigateToWomenCategoryPageSuccessfully" time="1.633" classname="com.automation.testsuite.WomenCategoryPageTest"/>
</testsuite> <!-- regression -->
